<?xml version="1.0" encoding="UTF-8"?>
<!-- Generated by org.testng.reporters.JUnitReportReporter -->
<testsuite skipped="0" hostname="Laxmanchavhan" name="Reportingtools.Extentreport" tests="1" failures="0" timestamp="2022-12-01T13:19:53 IST" time="1.034" errors="0">
  <testcase name="test1" time="1.034" classname="Reportingtools.Extentreport"/>
  <system-out/>
</testsuite> <!-- Reportingtools.Extentreport -->
